#
# A fatal error has been detected by the Java Runtime Environment:
#
#  EXCEPTION_ACCESS_VIOLATION (0xc0000005) at pc=0x00007ffecb553416, pid=1764, tid=0x0000000000004ad4
#
# JRE version: Java(TM) SE Runtime Environment (8.0_271-b09) (build 1.8.0_271-b09)
# Java VM: Java HotSpot(TM) 64-Bit Server VM (25.271-b09 mixed mode windows-amd64 compressed oops)
# Problematic frame:
# C  [ntdll.dll+0x63416]
#
# Failed to write core dump. Minidumps are not enabled by default on client versions of Windows
#
# If you would like to submit a bug report, please visit:
#   http://bugreport.java.com/bugreport/crash.jsp
# The crash happened outside the Java Virtual Machine in native code.
# See problematic frame for where to report the bug.
#

---------------  T H R E A D  ---------------

Current thread (0x000002c9db023800):  JavaThread "http-nio-8080-exec-5" daemon [_thread_in_native, id=19156, stack(0x000000f1c6800000,0x000000f1c6900000)]

siginfo: ExceptionCode=0xc0000005, writing address 0x0000000000000024

Registers:
RAX=0x0000000000000000, RBX=0x000002c9ddb23478, RCX=0x000002c9ddb23478, RDX=0x00000000fffffffa
RSP=0x000000f1c68fa4a0, RBP=0x000000f1c68fa600, RSI=0x0000000000000000, RDI=0x0000000000000000
R8 =0x0000000000000000, R9 =0x000002c9ddb23400, R10=0x000000078bc51ee0, R11=0x000000f1c68fa650
R12=0x0000000000000000, R13=0x000000f1c3ed8000, R14=0x0000000000000001, R15=0x0000000000000000
RIP=0x00007ffecb553416, EFLAGS=0x0000000000010213

Top of Stack: (sp=0x000000f1c68fa4a0)
0x000000f1c68fa4a0:   ffffffffffffffff 000002c9ddb23478
0x000000f1c68fa4b0:   000000000006000a 00000000000000a1
0x000000f1c68fa4c0:   000002c9d8ee1210 000000006bfc1e77
0x000000f1c68fa4d0:   000000006c42b678 000000f1c68fa5d0
0x000000f1c68fa4e0:   000002c900000000 000002c9fffffffa
0x000000f1c68fa4f0:   000000f1c3ed8000 000002c9b9760000
0x000000f1c68fa500:   000002c9b97602a4 000002c9d3b1ce28
0x000000f1c68fa510:   0000000000000010 000002c9b9760d80
0x000000f1c68fa520:   000002c9db023800 0000000000000000
0x000000f1c68fa530:   0000910c15279d9e 0000000000000010
0x000000f1c68fa540:   000002c9db023800 0000000000000001
0x000000f1c68fa550:   0000000000000001 0000000000000001
0x000000f1c68fa560:   0000000000000000 000002c9ddb23478
0x000000f1c68fa570:   000000f1c68fa600 00007ffecb51fcb4
0x000000f1c68fa580:   0000000000000008 0000000000000000
0x000000f1c68fa590:   00000000fffffffa 00000006c0e63008 

Instructions: (pc=0x00007ffecb553416)
0x00007ffecb5533f6:   48 39 73 18 0f 84 d2 00 00 00 48 8b 03 48 83 f8
0x00007ffecb553406:   ff 0f 84 d2 00 00 00 44 8b fe 48 83 f8 ff 74 03
0x00007ffecb553416:   ff 40 24 4c 8b 73 18 4c 8d 2d d4 10 10 00 bd 22
0x00007ffecb553426:   17 00 00 e8 22 14 fc ff 85 c0 0f 85 7e b3 05 00 


Register to memory mapping:

RAX=0x0000000000000000 is an unknown value
RBX=0x000002c9ddb23478 is an unknown value
RCX=0x000002c9ddb23478 is an unknown value
RDX=0x00000000fffffffa is an unknown value
RSP=0x000000f1c68fa4a0 is pointing into the stack for thread: 0x000002c9db023800
RBP=0x000000f1c68fa600 is pointing into the stack for thread: 0x000002c9db023800
RSI=0x0000000000000000 is an unknown value
RDI=0x0000000000000000 is an unknown value
R8 =0x0000000000000000 is an unknown value
R9 =0x000002c9ddb23400 is an unknown value
R10=0x000000078bc51ee0 is an oop

[error occurred during error reporting (printing register info), id 0xc0000005]

Stack: [0x000000f1c6800000,0x000000f1c6900000],  sp=0x000000f1c68fa4a0,  free space=1001k
Native frames: (J=compiled Java code, j=interpreted, Vv=VM code, C=native code)
C  [ntdll.dll+0x63416]
C  [ntdll.dll+0x2fcb4]
C  [ntdll.dll+0x2fae2]
C  [CFHidApi.dll+0x2a21]
C  [jna954904280549069042.tmp+0x11ea3]
C  [jna954904280549069042.tmp+0xa8a3]
C  [jna954904280549069042.tmp+0x1ef9]
C  [jna954904280549069042.tmp+0x2487]
C  0x000002c9bb6ca6ac

Java frames: (J=compiled Java code, j=interpreted, Vv=VM code)
J 10262  com.sun.jna.Function.invokeInt(I[Ljava/lang/Object;)I (0 bytes) @ 0x000002c9bb6ca60f [0x000002c9bb6ca5c0+0x4f]
j  com.sun.jna.Function.invoke([Ljava/lang/Object;Ljava/lang/Class;Z)Ljava/lang/Object;+153
J 10345 C1 com.sun.jna.Function.invoke(Ljava/lang/Class;[Ljava/lang/Object;Ljava/util/Map;)Ljava/lang/Object; (572 bytes) @ 0x000002c9bcd2ecbc [0x000002c9bcd2d920+0x139c]
j  com.sun.jna.Library$Handler.invoke(Ljava/lang/Object;Ljava/lang/reflect/Method;[Ljava/lang/Object;)Ljava/lang/Object;+344
J 10292% C2 com.ncs.airside.controller.RFIDController.rfidScan()Lorg/springframework/http/ResponseEntity; (284 bytes) @ 0x000002c9bccd7e30 [0x000002c9bccd7be0+0x250]
v  ~StubRoutines::call_stub
J 2397  sun.reflect.NativeMethodAccessorImpl.invoke0(Ljava/lang/reflect/Method;Ljava/lang/Object;[Ljava/lang/Object;)Ljava/lang/Object; (0 bytes) @ 0x000002c9bba77d3f [0x000002c9bba77cc0+0x7f]
J 2396 C1 sun.reflect.NativeMethodAccessorImpl.invoke(Ljava/lang/Object;[Ljava/lang/Object;)Ljava/lang/Object; (104 bytes) @ 0x000002c9bba76fbc [0x000002c9bba75dc0+0x11fc]
J 5507 C2 java.lang.reflect.Method.invoke(Ljava/lang/Object;[Ljava/lang/Object;)Ljava/lang/Object; (62 bytes) @ 0x000002c9bc272cb4 [0x000002c9bc272c00+0xb4]
j  org.springframework.web.method.support.InvocableHandlerMethod.doInvoke([Ljava/lang/Object;)Ljava/lang/Object;+32
j  org.springframework.web.method.support.InvocableHandlerMethod.invokeForRequest(Lorg/springframework/web/context/request/NativeWebRequest;Lorg/springframework/web/method/support/ModelAndViewContainer;[Ljava/lang/Object;)Ljava/lang/Object;+54
j  org.springframework.web.servlet.mvc.method.annotation.ServletInvocableHandlerMethod.invokeAndHandle(Lorg/springframework/web/context/request/ServletWebRequest;Lorg/springframework/web/method/support/ModelAndViewContainer;[Ljava/lang/Object;)V+4
j  org.springframework.web.servlet.mvc.method.annotation.RequestMappingHandlerAdapter.invokeHandlerMethod(Ljavax/servlet/http/HttpServletRequest;Ljavax/servlet/http/HttpServletResponse;Lorg/springframework/web/method/HandlerMethod;)Lorg/springframework/web/servlet/ModelAndView;+244
j  org.springframework.web.servlet.mvc.method.annotation.RequestMappingHandlerAdapter.handleInternal(Ljavax/servlet/http/HttpServletRequest;Ljavax/servlet/http/HttpServletResponse;Lorg/springframework/web/method/HandlerMethod;)Lorg/springframework/web/servlet/ModelAndView;+81
j  org.springframework.web.servlet.mvc.method.AbstractHandlerMethodAdapter.handle(Ljavax/servlet/http/HttpServletRequest;Ljavax/servlet/http/HttpServletResponse;Ljava/lang/Object;)Lorg/springframework/web/servlet/ModelAndView;+7
j  org.springframework.web.servlet.DispatcherServlet.doDispatch(Ljavax/servlet/http/HttpServletRequest;Ljavax/servlet/http/HttpServletResponse;)V+259
j  org.springframework.web.servlet.DispatcherServlet.doService(Ljavax/servlet/http/HttpServletRequest;Ljavax/servlet/http/HttpServletResponse;)V+241
j  org.springframework.web.servlet.FrameworkServlet.processRequest(Ljavax/servlet/http/HttpServletRequest;Ljavax/servlet/http/HttpServletResponse;)V+71
j  org.springframework.web.servlet.FrameworkServlet.doGet(Ljavax/servlet/http/HttpServletRequest;Ljavax/servlet/http/HttpServletResponse;)V+3
j  javax.servlet.http.HttpServlet.service(Ljavax/servlet/http/HttpServletRequest;Ljavax/servlet/http/HttpServletResponse;)V+35
j  org.springframework.web.servlet.FrameworkServlet.service(Ljavax/servlet/http/HttpServletRequest;Ljavax/servlet/http/HttpServletResponse;)V+33
j  javax.servlet.http.HttpServlet.service(Ljavax/servlet/ServletRequest;Ljavax/servlet/ServletResponse;)V+36
J 8996 C1 org.apache.catalina.core.ApplicationFilterChain.internalDoFilter(Ljavax/servlet/ServletRequest;Ljavax/servlet/ServletResponse;)V (388 bytes) @ 0x000002c9bc9a0dcc [0x000002c9bc9a02e0+0xaec]
J 8995 C1 org.apache.catalina.core.ApplicationFilterChain.doFilter(Ljavax/servlet/ServletRequest;Ljavax/servlet/ServletResponse;)V (103 bytes) @ 0x000002c9bc995f0c [0x000002c9bc995e80+0x8c]
j  org.apache.tomcat.websocket.server.WsFilter.doFilter(Ljavax/servlet/ServletRequest;Ljavax/servlet/ServletResponse;Ljavax/servlet/FilterChain;)V+21
J 8996 C1 org.apache.catalina.core.ApplicationFilterChain.internalDoFilter(Ljavax/servlet/ServletRequest;Ljavax/servlet/ServletResponse;)V (388 bytes) @ 0x000002c9bc9a0874 [0x000002c9bc9a02e0+0x594]
J 8995 C1 org.apache.catalina.core.ApplicationFilterChain.doFilter(Ljavax/servlet/ServletRequest;Ljavax/servlet/ServletResponse;)V (103 bytes) @ 0x000002c9bc995f0c [0x000002c9bc995e80+0x8c]
J 8918 C1 org.springframework.web.filter.OncePerRequestFilter.doFilter(Ljavax/servlet/ServletRequest;Ljavax/servlet/ServletResponse;Ljavax/servlet/FilterChain;)V (175 bytes) @ 0x000002c9bc95abc4 [0x000002c9bc959da0+0xe24]
J 8996 C1 org.apache.catalina.core.ApplicationFilterChain.internalDoFilter(Ljavax/servlet/ServletRequest;Ljavax/servlet/ServletResponse;)V (388 bytes) @ 0x000002c9bc9a0874 [0x000002c9bc9a02e0+0x594]
J 8995 C1 org.apache.catalina.core.ApplicationFilterChain.doFilter(Ljavax/servlet/ServletRequest;Ljavax/servlet/ServletResponse;)V (103 bytes) @ 0x000002c9bc995f0c [0x000002c9bc995e80+0x8c]
J 8708 C1 org.springframework.security.web.FilterChainProxy$VirtualFilterChain.doFilter(Ljavax/servlet/ServletRequest;Ljavax/servlet/ServletResponse;)V (142 bytes) @ 0x000002c9bc8b4374 [0x000002c9bc8b2f40+0x1434]
j  org.springframework.security.web.access.intercept.FilterSecurityInterceptor.invoke(Lorg/springframework/security/web/FilterInvocation;)V+79
j  org.springframework.security.web.access.intercept.FilterSecurityInterceptor.doFilter(Ljavax/servlet/ServletRequest;Ljavax/servlet/ServletResponse;Ljavax/servlet/FilterChain;)V+11
J 8708 C1 org.springframework.security.web.FilterChainProxy$VirtualFilterChain.doFilter(Ljavax/servlet/ServletRequest;Ljavax/servlet/ServletResponse;)V (142 bytes) @ 0x000002c9bc8b41ac [0x000002c9bc8b2f40+0x126c]
j  org.springframework.security.web.access.ExceptionTranslationFilter.doFilter(Ljavax/servlet/http/HttpServletRequest;Ljavax/servlet/http/HttpServletResponse;Ljavax/servlet/FilterChain;)V+3
j  org.springframework.security.web.access.ExceptionTranslationFilter.doFilter(Ljavax/servlet/ServletRequest;Ljavax/servlet/ServletResponse;Ljavax/servlet/FilterChain;)V+10
J 8708 C1 org.springframework.security.web.FilterChainProxy$VirtualFilterChain.doFilter(Ljavax/servlet/ServletRequest;Ljavax/servlet/ServletResponse;)V (142 bytes) @ 0x000002c9bc8b41ac [0x000002c9bc8b2f40+0x126c]
j  org.springframework.security.web.session.SessionManagementFilter.doFilter(Ljavax/servlet/http/HttpServletRequest;Ljavax/servlet/http/HttpServletResponse;Ljavax/servlet/FilterChain;)V+210
j  org.springframework.security.web.session.SessionManagementFilter.doFilter(Ljavax/servlet/ServletRequest;Ljavax/servlet/ServletResponse;Ljavax/servlet/FilterChain;)V+10
J 8708 C1 org.springframework.security.web.FilterChainProxy$VirtualFilterChain.doFilter(Ljavax/servlet/ServletRequest;Ljavax/servlet/ServletResponse;)V (142 bytes) @ 0x000002c9bc8b41ac [0x000002c9bc8b2f40+0x126c]
j  org.springframework.security.web.authentication.AnonymousAuthenticationFilter.doFilter(Ljavax/servlet/ServletRequest;Ljavax/servlet/ServletResponse;Ljavax/servlet/FilterChain;)V+105
J 8708 C1 org.springframework.security.web.FilterChainProxy$VirtualFilterChain.doFilter(Ljavax/servlet/ServletRequest;Ljavax/servlet/ServletResponse;)V (142 bytes) @ 0x000002c9bc8b41ac [0x000002c9bc8b2f40+0x126c]
j  org.springframework.security.web.servletapi.SecurityContextHolderAwareRequestFilter.doFilter(Ljavax/servlet/ServletRequest;Ljavax/servlet/ServletResponse;Ljavax/servlet/FilterChain;)V+19
J 8708 C1 org.springframework.security.web.FilterChainProxy$VirtualFilterChain.doFilter(Ljavax/servlet/ServletRequest;Ljavax/servlet/ServletResponse;)V (142 bytes) @ 0x000002c9bc8b41ac [0x000002c9bc8b2f40+0x126c]
j  org.springframework.security.web.savedrequest.RequestCacheAwareFilter.doFilter(Ljavax/servlet/ServletRequest;Ljavax/servlet/ServletResponse;Ljavax/servlet/FilterChain;)V+32
J 8708 C1 org.springframework.security.web.FilterChainProxy$VirtualFilterChain.doFilter(Ljavax/servlet/ServletRequest;Ljavax/servlet/ServletResponse;)V (142 bytes) @ 0x000002c9bc8b41ac [0x000002c9bc8b2f40+0x126c]
j  com.ncs.airside.security.AuthTokenFilter.doFilterInternal(Ljavax/servlet/http/HttpServletRequest;Ljavax/servlet/http/HttpServletResponse;Ljavax/servlet/FilterChain;)V+111
J 8918 C1 org.springframework.web.filter.OncePerRequestFilter.doFilter(Ljavax/servlet/ServletRequest;Ljavax/servlet/ServletResponse;Ljavax/servlet/FilterChain;)V (175 bytes) @ 0x000002c9bc95a96c [0x000002c9bc959da0+0xbcc]
J 8708 C1 org.springframework.security.web.FilterChainProxy$VirtualFilterChain.doFilter(Ljavax/servlet/ServletRequest;Ljavax/servlet/ServletResponse;)V (142 bytes) @ 0x000002c9bc8b41ac [0x000002c9bc8b2f40+0x126c]
j  org.springframework.security.web.authentication.logout.LogoutFilter.doFilter(Ljavax/servlet/http/HttpServletRequest;Ljavax/servlet/http/HttpServletResponse;Ljavax/servlet/FilterChain;)V+77
j  org.springframework.security.web.authentication.logout.LogoutFilter.doFilter(Ljavax/servlet/ServletRequest;Ljavax/servlet/ServletResponse;Ljavax/servlet/FilterChain;)V+10
J 8708 C1 org.springframework.security.web.FilterChainProxy$VirtualFilterChain.doFilter(Ljavax/servlet/ServletRequest;Ljavax/servlet/ServletResponse;)V (142 bytes) @ 0x000002c9bc8b41ac [0x000002c9bc8b2f40+0x126c]
j  org.springframework.web.filter.CorsFilter.doFilterInternal(Ljavax/servlet/http/HttpServletRequest;Ljavax/servlet/http/HttpServletResponse;Ljavax/servlet/FilterChain;)V+43
J 8918 C1 org.springframework.web.filter.OncePerRequestFilter.doFilter(Ljavax/servlet/ServletRequest;Ljavax/servlet/ServletResponse;Ljavax/servlet/FilterChain;)V (175 bytes) @ 0x000002c9bc95a96c [0x000002c9bc959da0+0xbcc]
J 8708 C1 org.springframework.security.web.FilterChainProxy$VirtualFilterChain.doFilter(Ljavax/servlet/ServletRequest;Ljavax/servlet/ServletResponse;)V (142 bytes) @ 0x000002c9bc8b41ac [0x000002c9bc8b2f40+0x126c]
j  org.springframework.security.web.header.HeaderWriterFilter.doHeadersAfter(Ljavax/servlet/http/HttpServletRequest;Ljavax/servlet/http/HttpServletResponse;Ljavax/servlet/FilterChain;)V+29
j  org.springframework.security.web.header.HeaderWriterFilter.doFilterInternal(Ljavax/servlet/http/HttpServletRequest;Ljavax/servlet/http/HttpServletResponse;Ljavax/servlet/FilterChain;)V+21
J 8918 C1 org.springframework.web.filter.OncePerRequestFilter.doFilter(Ljavax/servlet/ServletRequest;Ljavax/servlet/ServletResponse;Ljavax/servlet/FilterChain;)V (175 bytes) @ 0x000002c9bc95a96c [0x000002c9bc959da0+0xbcc]
J 8708 C1 org.springframework.security.web.FilterChainProxy$VirtualFilterChain.doFilter(Ljavax/servlet/ServletRequest;Ljavax/servlet/ServletResponse;)V (142 bytes) @ 0x000002c9bc8b41ac [0x000002c9bc8b2f40+0x126c]
j  org.springframework.security.web.context.SecurityContextPersistenceFilter.doFilter(Ljavax/servlet/http/HttpServletRequest;Ljavax/servlet/http/HttpServletResponse;Ljavax/servlet/FilterChain;)V+181
j  org.springframework.security.web.context.SecurityContextPersistenceFilter.doFilter(Ljavax/servlet/ServletRequest;Ljavax/servlet/ServletResponse;Ljavax/servlet/FilterChain;)V+10
J 8708 C1 org.springframework.security.web.FilterChainProxy$VirtualFilterChain.doFilter(Ljavax/servlet/ServletRequest;Ljavax/servlet/ServletResponse;)V (142 bytes) @ 0x000002c9bc8b41ac [0x000002c9bc8b2f40+0x126c]
j  org.springframework.security.web.context.request.async.WebAsyncManagerIntegrationFilter.doFilterInternal(Ljavax/servlet/http/HttpServletRequest;Ljavax/servlet/http/HttpServletResponse;Ljavax/servlet/FilterChain;)V+42
J 8918 C1 org.springframework.web.filter.OncePerRequestFilter.doFilter(Ljavax/servlet/ServletRequest;Ljavax/servlet/ServletResponse;Ljavax/servlet/FilterChain;)V (175 bytes) @ 0x000002c9bc95a96c [0x000002c9bc959da0+0xbcc]
J 8708 C1 org.springframework.security.web.FilterChainProxy$VirtualFilterChain.doFilter(Ljavax/servlet/ServletRequest;Ljavax/servlet/ServletResponse;)V (142 bytes) @ 0x000002c9bc8b41ac [0x000002c9bc8b2f40+0x126c]
j  org.springframework.security.web.FilterChainProxy.doFilterInternal(Ljavax/servlet/ServletRequest;Ljavax/servlet/ServletResponse;Ljavax/servlet/FilterChain;)V+148
j  org.springframework.security.web.FilterChainProxy.doFilter(Ljavax/servlet/ServletRequest;Ljavax/servlet/ServletResponse;Ljavax/servlet/FilterChain;)V+48
j  org.springframework.web.filter.DelegatingFilterProxy.invokeDelegate(Ljavax/servlet/Filter;Ljavax/servlet/ServletRequest;Ljavax/servlet/ServletResponse;Ljavax/servlet/FilterChain;)V+5
j  org.springframework.web.filter.DelegatingFilterProxy.doFilter(Ljavax/servlet/ServletRequest;Ljavax/servlet/ServletResponse;Ljavax/servlet/FilterChain;)V+85
J 8996 C1 org.apache.catalina.core.ApplicationFilterChain.internalDoFilter(Ljavax/servlet/ServletRequest;Ljavax/servlet/ServletResponse;)V (388 bytes) @ 0x000002c9bc9a0874 [0x000002c9bc9a02e0+0x594]
J 8995 C1 org.apache.catalina.core.ApplicationFilterChain.doFilter(Ljavax/servlet/ServletRequest;Ljavax/servlet/ServletResponse;)V (103 bytes) @ 0x000002c9bc995f0c [0x000002c9bc995e80+0x8c]
j  org.springframework.web.filter.RequestContextFilter.doFilterInternal(Ljavax/servlet/http/HttpServletRequest;Ljavax/servlet/http/HttpServletResponse;Ljavax/servlet/FilterChain;)V+21
J 8918 C1 org.springframework.web.filter.OncePerRequestFilter.doFilter(Ljavax/servlet/ServletRequest;Ljavax/servlet/ServletResponse;Ljavax/servlet/FilterChain;)V (175 bytes) @ 0x000002c9bc95a96c [0x000002c9bc959da0+0xbcc]
J 8996 C1 org.apache.catalina.core.ApplicationFilterChain.internalDoFilter(Ljavax/servlet/ServletRequest;Ljavax/servlet/ServletResponse;)V (388 bytes) @ 0x000002c9bc9a0874 [0x000002c9bc9a02e0+0x594]
J 8995 C1 org.apache.catalina.core.ApplicationFilterChain.doFilter(Ljavax/servlet/ServletRequest;Ljavax/servlet/ServletResponse;)V (103 bytes) @ 0x000002c9bc995f0c [0x000002c9bc995e80+0x8c]
j  org.springframework.web.filter.FormContentFilter.doFilterInternal(Ljavax/servlet/http/HttpServletRequest;Ljavax/servlet/http/HttpServletResponse;Ljavax/servlet/FilterChain;)V+38
J 8918 C1 org.springframework.web.filter.OncePerRequestFilter.doFilter(Ljavax/servlet/ServletRequest;Ljavax/servlet/ServletResponse;Ljavax/servlet/FilterChain;)V (175 bytes) @ 0x000002c9bc95a96c [0x000002c9bc959da0+0xbcc]
J 8996 C1 org.apache.catalina.core.ApplicationFilterChain.internalDoFilter(Ljavax/servlet/ServletRequest;Ljavax/servlet/ServletResponse;)V (388 bytes) @ 0x000002c9bc9a0874 [0x000002c9bc9a02e0+0x594]
J 8995 C1 org.apache.catalina.core.ApplicationFilterChain.doFilter(Ljavax/servlet/ServletRequest;Ljavax/servlet/ServletResponse;)V (103 bytes) @ 0x000002c9bc995f0c [0x000002c9bc995e80+0x8c]
j  org.springframework.boot.actuate.metrics.web.servlet.WebMvcMetricsFilter.doFilterInternal(Ljavax/servlet/http/HttpServletRequest;Ljavax/servlet/http/HttpServletResponse;Ljavax/servlet/FilterChain;)V+21
J 8918 C1 org.springframework.web.filter.OncePerRequestFilter.doFilter(Ljavax/servlet/ServletRequest;Ljavax/servlet/ServletResponse;Ljavax/servlet/FilterChain;)V (175 bytes) @ 0x000002c9bc95a96c [0x000002c9bc959da0+0xbcc]
J 8996 C1 org.apache.catalina.core.ApplicationFilterChain.internalDoFilter(Ljavax/servlet/ServletRequest;Ljavax/servlet/ServletResponse;)V (388 bytes) @ 0x000002c9bc9a0874 [0x000002c9bc9a02e0+0x594]
J 8995 C1 org.apache.catalina.core.ApplicationFilterChain.doFilter(Ljavax/servlet/ServletRequest;Ljavax/servlet/ServletResponse;)V (103 bytes) @ 0x000002c9bc995f0c [0x000002c9bc995e80+0x8c]
j  org.springframework.web.filter.CharacterEncodingFilter.doFilterInternal(Ljavax/servlet/http/HttpServletRequest;Ljavax/servlet/http/HttpServletResponse;Ljavax/servlet/FilterChain;)V+53
J 8918 C1 org.springframework.web.filter.OncePerRequestFilter.doFilter(Ljavax/servlet/ServletRequest;Ljavax/servlet/ServletResponse;Ljavax/servlet/FilterChain;)V (175 bytes) @ 0x000002c9bc95a96c [0x000002c9bc959da0+0xbcc]
J 8996 C1 org.apache.catalina.core.ApplicationFilterChain.internalDoFilter(Ljavax/servlet/ServletRequest;Ljavax/servlet/ServletResponse;)V (388 bytes) @ 0x000002c9bc9a0874 [0x000002c9bc9a02e0+0x594]
J 8995 C1 org.apache.catalina.core.ApplicationFilterChain.doFilter(Ljavax/servlet/ServletRequest;Ljavax/servlet/ServletResponse;)V (103 bytes) @ 0x000002c9bc995f0c [0x000002c9bc995e80+0x8c]
j  org.apache.catalina.core.StandardWrapperValve.invoke(Lorg/apache/catalina/connector/Request;Lorg/apache/catalina/connector/Response;)V+694
j  org.apache.catalina.core.StandardContextValve.invoke(Lorg/apache/catalina/connector/Request;Lorg/apache/catalina/connector/Response;)V+169
j  org.apache.catalina.authenticator.AuthenticatorBase.invoke(Lorg/apache/catalina/connector/Request;Lorg/apache/catalina/connector/Response;)V+260
j  org.apache.catalina.core.StandardHostValve.invoke(Lorg/apache/catalina/connector/Request;Lorg/apache/catalina/connector/Response;)V+128
j  org.apache.catalina.valves.ErrorReportValve.invoke(Lorg/apache/catalina/connector/Request;Lorg/apache/catalina/connector/Response;)V+6
j  org.apache.catalina.core.StandardEngineValve.invoke(Lorg/apache/catalina/connector/Request;Lorg/apache/catalina/connector/Response;)V+59
j  org.apache.catalina.connector.CoyoteAdapter.service(Lorg/apache/coyote/Request;Lorg/apache/coyote/Response;)V+199
j  org.apache.coyote.http11.Http11Processor.service(Lorg/apache/tomcat/util/net/SocketWrapperBase;)Lorg/apache/tomcat/util/net/AbstractEndpoint$Handler$SocketState;+737
j  org.apache.coyote.AbstractProcessorLight.process(Lorg/apache/tomcat/util/net/SocketWrapperBase;Lorg/apache/tomcat/util/net/SocketEvent;)Lorg/apache/tomcat/util/net/AbstractEndpoint$Handler$SocketState;+170
j  org.apache.coyote.AbstractProtocol$ConnectionHandler.process(Lorg/apache/tomcat/util/net/SocketWrapperBase;Lorg/apache/tomcat/util/net/SocketEvent;)Lorg/apache/tomcat/util/net/AbstractEndpoint$Handler$SocketState;+505
j  org.apache.tomcat.util.net.NioEndpoint$SocketProcessor.doRun()V+216
j  org.apache.tomcat.util.net.SocketProcessorBase.run()V+21
j  java.util.concurrent.ThreadPoolExecutor.runWorker(Ljava/util/concurrent/ThreadPoolExecutor$Worker;)V+95
j  java.util.concurrent.ThreadPoolExecutor$Worker.run()V+5
j  org.apache.tomcat.util.threads.TaskThread$WrappingRunnable.run()V+4
j  java.lang.Thread.run()V+11
v  ~StubRoutines::call_stub

---------------  P R O C E S S  ---------------

Java Threads: ( => current thread )
  0x000002c9db026800 JavaThread "DestroyJavaVM" [_thread_blocked, id=19856, stack(0x000000f1c4400000,0x000000f1c4500000)]
  0x000002c9db028800 JavaThread "http-nio-8080-Acceptor" daemon [_thread_in_native, id=5960, stack(0x000000f1c6f00000,0x000000f1c7000000)]
  0x000002c9db028000 JavaThread "http-nio-8080-Poller" daemon [_thread_in_native, id=13340, stack(0x000000f1c6e00000,0x000000f1c6f00000)]
  0x000002c9db01f000 JavaThread "http-nio-8080-exec-10" daemon [_thread_blocked, id=9396, stack(0x000000f1c6d00000,0x000000f1c6e00000)]
  0x000002c9db025800 JavaThread "http-nio-8080-exec-9" daemon [_thread_blocked, id=13808, stack(0x000000f1c6c00000,0x000000f1c6d00000)]
  0x000002c9db025000 JavaThread "http-nio-8080-exec-8" daemon [_thread_blocked, id=11252, stack(0x000000f1c6b00000,0x000000f1c6c00000)]
  0x000002c9db022000 JavaThread "http-nio-8080-exec-7" daemon [_thread_in_native, id=5288, stack(0x000000f1c6a00000,0x000000f1c6b00000)]
  0x000002c9db01f800 JavaThread "http-nio-8080-exec-6" daemon [_thread_blocked, id=17808, stack(0x000000f1c6900000,0x000000f1c6a00000)]
=>0x000002c9db023800 JavaThread "http-nio-8080-exec-5" daemon [_thread_in_native, id=19156, stack(0x000000f1c6800000,0x000000f1c6900000)]
  0x000002c9db021000 JavaThread "http-nio-8080-exec-4" daemon [_thread_blocked, id=3528, stack(0x000000f1c6700000,0x000000f1c6800000)]
  0x000002c9db024000 JavaThread "http-nio-8080-exec-3" daemon [_thread_blocked, id=9480, stack(0x000000f1c6600000,0x000000f1c6700000)]
  0x000002c9db020800 JavaThread "http-nio-8080-exec-2" daemon [_thread_blocked, id=13232, stack(0x000000f1c6500000,0x000000f1c6600000)]
  0x000002c9d966f000 JavaThread "http-nio-8080-exec-1" daemon [_thread_blocked, id=14364, stack(0x000000f1c6300000,0x000000f1c6400000)]
  0x000002c9d966d800 JavaThread "Live Reload Server" daemon [_thread_in_native, id=3724, stack(0x000000f1c6400000,0x000000f1c6500000)]
  0x000002c9d966d000 JavaThread "File Watcher" daemon [_thread_blocked, id=18908, stack(0x000000f1c6200000,0x000000f1c6300000)]
  0x000002c9d966e800 JavaThread "container-0" [_thread_blocked, id=1668, stack(0x000000f1c6100000,0x000000f1c6200000)]
  0x000002c9d9670000 JavaThread "Catalina-utility-2" [_thread_blocked, id=1564, stack(0x000000f1c6000000,0x000000f1c6100000)]
  0x000002c9d9670800 JavaThread "Catalina-utility-1" [_thread_blocked, id=20300, stack(0x000000f1c5f00000,0x000000f1c6000000)]
  0x000002c9d9673000 JavaThread "HikariPool-1 housekeeper" daemon [_thread_blocked, id=9368, stack(0x000000f1c5d00000,0x000000f1c5e00000)]
  0x000002c9dc328000 JavaThread "mysql-cj-abandoned-connection-cleanup" daemon [_thread_blocked, id=2076, stack(0x000000f1c5b00000,0x000000f1c5c00000)]
  0x000002c9d6960000 JavaThread "Service Thread" daemon [_thread_blocked, id=14760, stack(0x000000f1c5700000,0x000000f1c5800000)]
  0x000002c9d68b6800 JavaThread "C1 CompilerThread3" daemon [_thread_blocked, id=8256, stack(0x000000f1c5600000,0x000000f1c5700000)]
  0x000002c9d68ad800 JavaThread "C2 CompilerThread2" daemon [_thread_blocked, id=17664, stack(0x000000f1c5500000,0x000000f1c5600000)]
  0x000002c9d68a3000 JavaThread "C2 CompilerThread1" daemon [_thread_blocked, id=16408, stack(0x000000f1c5400000,0x000000f1c5500000)]
  0x000002c9d68a2000 JavaThread "C2 CompilerThread0" daemon [_thread_in_native, id=19984, stack(0x000000f1c5300000,0x000000f1c5400000)]
  0x000002c9d6876800 JavaThread "Monitor Ctrl-Break" daemon [_thread_in_native, id=19096, stack(0x000000f1c5200000,0x000000f1c5300000)]
  0x000002c9d45a2000 JavaThread "Attach Listener" daemon [_thread_blocked, id=14640, stack(0x000000f1c5100000,0x000000f1c5200000)]
  0x000002c9d45a1000 JavaThread "Signal Dispatcher" daemon [_thread_blocked, id=7348, stack(0x000000f1c5000000,0x000000f1c5100000)]
  0x000002c9d457a800 JavaThread "Finalizer" daemon [_thread_blocked, id=13128, stack(0x000000f1c4f00000,0x000000f1c5000000)]
  0x000002c9d4573000 JavaThread "Reference Handler" daemon [_thread_blocked, id=17904, stack(0x000000f1c4e00000,0x000000f1c4f00000)]

Other Threads:
  0x000002c9d454b000 VMThread [stack: 0x000000f1c4d00000,0x000000f1c4e00000] [id=13532]
  0x000002c9d6a2c800 WatcherThread [stack: 0x000000f1c5800000,0x000000f1c5900000] [id=8916]

VM state:not at safepoint (normal execution)

VM Mutex/Monitor currently owned by a thread: None

heap address: 0x00000006c0e00000, size: 4082 MB, Compressed Oops mode: Zero based, Oop shift amount: 3
Narrow klass base: 0x0000000000000000, Narrow klass shift: 3
Compressed class space size: 1073741824 Address: 0x00000007c0000000

Heap:
 PSYoungGen      total 1222144K, used 537878K [0x000000076af80000, 0x00000007b8b00000, 0x00000007c0000000)
  eden space 1210368K, 44% used [0x000000076af80000,0x000000078bc8dac8,0x00000007b4d80000)
  from space 11776K, 1% used [0x00000007b7400000,0x00000007b7438000,0x00000007b7f80000)
  to   space 10752K, 0% used [0x00000007b8080000,0x00000007b8080000,0x00000007b8b00000)
 ParOldGen       total 219648K, used 63771K [0x00000006c0e00000, 0x00000006ce480000, 0x000000076af80000)
  object space 219648K, 29% used [0x00000006c0e00000,0x00000006c4c46fc8,0x00000006ce480000)
 Metaspace       used 76483K, capacity 81108K, committed 81280K, reserved 1120256K
  class space    used 10275K, capacity 11062K, committed 11136K, reserved 1048576K

Card table byte_map: [0x000002c9ca5d0000,0x000002c9cadd0000] byte_map_base: 0x000002c9c6fc9000

Marking Bits: (ParMarkBitMap*) 0x000000006c647fe0
 Begin Bits: [0x000002c9cb330000, 0x000002c9cf2f8000)
 End Bits:   [0x000002c9cf2f8000, 0x000002c9d32c0000)

Polling page: 0x000002c9b9a00000

CodeCache: size=245760Kb used=27783Kb max_used=27783Kb free=217977Kb
 bounds [0x000002c9bb210000, 0x000002c9bcd60000, 0x000002c9ca210000]
 total_blobs=9186 nmethods=8547 adapters=549
 compilation: enabled

Compilation events (10 events):
Event: 2680.289 Thread 0x000002c9d68b6800 nmethod 10342 0x000002c9bcd23450 code [0x000002c9bcd235a0, 0x000002c9bcd23778]
Event: 2680.289 Thread 0x000002c9d68b6800 10343       1       org.springframework.orm.jpa.AbstractEntityManagerFactoryBean::getJpaDialect (5 bytes)
Event: 2680.289 Thread 0x000002c9d68b6800 nmethod 10343 0x000002c9bcba6dd0 code [0x000002c9bcba6f20, 0x000002c9bcba7038]
Event: 2680.289 Thread 0x000002c9d68b6800 10344       1       org.springframework.orm.jpa.LocalContainerEntityManagerFactoryBean::getPersistenceUnitInfo (5 bytes)
Event: 2680.289 Thread 0x000002c9d68b6800 nmethod 10344 0x000002c9bb3e12d0 code [0x000002c9bb3e1420, 0x000002c9bb3e1538]
Event: 2680.289 Thread 0x000002c9d68b6800 10345       3       com.sun.jna.Function::invoke (572 bytes)
Event: 2680.290 Thread 0x000002c9d68a2000 10347   !   4       com.sun.jna.Library$Handler::invoke (348 bytes)
Event: 2680.291 Thread 0x000002c9d68ad800 nmethod 10341 0x000002c9bcd2c9d0 code [0x000002c9bcd2cb40, 0x000002c9bcd2cd58]
Event: 2680.293 Thread 0x000002c9d68b6800 nmethod 10345 0x000002c9bcd2d390 code [0x000002c9bcd2d920, 0x000002c9bcd31670]
Event: 2680.293 Thread 0x000002c9d68b6800 10346       3       com.sun.jna.Function::invoke (1141 bytes)

GC Heap History (10 events):
Event: 2679.179 GC heap before
{Heap before GC invocations=44 (full 3):
 PSYoungGen      total 903168K, used 902752K [0x000000076af80000, 0x00000007ba380000, 0x00000007c0000000)
  eden space 902656K, 100% used [0x000000076af80000,0x00000007a2100000,0x00000007a2100000)
  from space 512K, 18% used [0x00000007ba300000,0x00000007ba318000,0x00000007ba380000)
  to   space 14848K, 0% used [0x00000007b8680000,0x00000007b8680000,0x00000007b9500000)
 ParOldGen       total 219648K, used 63691K [0x00000006c0e00000, 0x00000006ce480000, 0x000000076af80000)
  object space 219648K, 28% used [0x00000006c0e00000,0x00000006c4c32fc8,0x00000006ce480000)
 Metaspace       used 76469K, capacity 81108K, committed 81280K, reserved 1120256K
  class space    used 10274K, capacity 11062K, committed 11136K, reserved 1048576K
Event: 2679.181 GC heap after
Heap after GC invocations=44 (full 3):
 PSYoungGen      total 970752K, used 192K [0x000000076af80000, 0x00000007ba380000, 0x00000007c0000000)
  eden space 955904K, 0% used [0x000000076af80000,0x000000076af80000,0x00000007a5500000)
  from space 14848K, 1% used [0x00000007b8680000,0x00000007b86b0000,0x00000007b9500000)
  to   space 13824K, 0% used [0x00000007b9600000,0x00000007b9600000,0x00000007ba380000)
 ParOldGen       total 219648K, used 63699K [0x00000006c0e00000, 0x00000006ce480000, 0x000000076af80000)
  object space 219648K, 29% used [0x00000006c0e00000,0x00000006c4c34fc8,0x00000006ce480000)
 Metaspace       used 76469K, capacity 81108K, committed 81280K, reserved 1120256K
  class space    used 10274K, capacity 11062K, committed 11136K, reserved 1048576K
}
Event: 2679.405 GC heap before
{Heap before GC invocations=45 (full 3):
 PSYoungGen      total 970752K, used 956096K [0x000000076af80000, 0x00000007ba380000, 0x00000007c0000000)
  eden space 955904K, 100% used [0x000000076af80000,0x00000007a5500000,0x00000007a5500000)
  from space 14848K, 1% used [0x00000007b8680000,0x00000007b86b0000,0x00000007b9500000)
  to   space 13824K, 0% used [0x00000007b9600000,0x00000007b9600000,0x00000007ba380000)
 ParOldGen       total 219648K, used 63699K [0x00000006c0e00000, 0x00000006ce480000, 0x000000076af80000)
  object space 219648K, 29% used [0x00000006c0e00000,0x00000006c4c34fc8,0x00000006ce480000)
 Metaspace       used 76471K, capacity 81108K, committed 81280K, reserved 1120256K
  class space    used 10274K, capacity 11062K, committed 11136K, reserved 1048576K
Event: 2679.409 GC heap after
Heap after GC invocations=45 (full 3):
 PSYoungGen      total 1015296K, used 128K [0x000000076af80000, 0x00000007b9680000, 0x00000007c0000000)
  eden space 1014784K, 0% used [0x000000076af80000,0x000000076af80000,0x00000007a8e80000)
  from space 512K, 25% used [0x00000007b9600000,0x00000007b9620000,0x00000007b9680000)
  to   space 13312K, 0% used [0x00000007b7c80000,0x00000007b7c80000,0x00000007b8980000)
 ParOldGen       total 219648K, used 63707K [0x00000006c0e00000, 0x00000006ce480000, 0x000000076af80000)
  object space 219648K, 29% used [0x00000006c0e00000,0x00000006c4c36fc8,0x00000006ce480000)
 Metaspace       used 76471K, capacity 81108K, committed 81280K, reserved 1120256K
  class space    used 10274K, capacity 11062K, committed 11136K, reserved 1048576K
}
Event: 2679.648 GC heap before
{Heap before GC invocations=46 (full 3):
 PSYoungGen      total 1015296K, used 1014912K [0x000000076af80000, 0x00000007b9680000, 0x00000007c0000000)
  eden space 1014784K, 100% used [0x000000076af80000,0x00000007a8e80000,0x00000007a8e80000)
  from space 512K, 25% used [0x00000007b9600000,0x00000007b9620000,0x00000007b9680000)
  to   space 13312K, 0% used [0x00000007b7c80000,0x00000007b7c80000,0x00000007b8980000)
 ParOldGen       total 219648K, used 63707K [0x00000006c0e00000, 0x00000006ce480000, 0x000000076af80000)
  object space 219648K, 29% used [0x00000006c0e00000,0x00000006c4c36fc8,0x00000006ce480000)
 Metaspace       used 76471K, capacity 81108K, committed 81280K, reserved 1120256K
  class space    used 10274K, capacity 11062K, committed 11136K, reserved 1048576K
Event: 2679.651 GC heap after
Heap after GC invocations=46 (full 3):
 PSYoungGen      total 1090048K, used 160K [0x000000076af80000, 0x00000007b9680000, 0x00000007c0000000)
  eden space 1076736K, 0% used [0x000000076af80000,0x000000076af80000,0x00000007acb00000)
  from space 13312K, 1% used [0x00000007b7c80000,0x00000007b7ca8000,0x00000007b8980000)
  to   space 12288K, 0% used [0x00000007b8a80000,0x00000007b8a80000,0x00000007b9680000)
 ParOldGen       total 219648K, used 63715K [0x00000006c0e00000, 0x00000006ce480000, 0x000000076af80000)
  object space 219648K, 29% used [0x00000006c0e00000,0x00000006c4c38fc8,0x00000006ce480000)
 Metaspace       used 76471K, capacity 81108K, committed 81280K, reserved 1120256K
  class space    used 10274K, capacity 11062K, committed 11136K, reserved 1048576K
}
Event: 2679.896 GC heap before
{Heap before GC invocations=47 (full 3):
 PSYoungGen      total 1090048K, used 1076896K [0x000000076af80000, 0x00000007b9680000, 0x00000007c0000000)
  eden space 1076736K, 100% used [0x000000076af80000,0x00000007acb00000,0x00000007acb00000)
  from space 13312K, 1% used [0x00000007b7c80000,0x00000007b7ca8000,0x00000007b8980000)
  to   space 12288K, 0% used [0x00000007b8a80000,0x00000007b8a80000,0x00000007b9680000)
 ParOldGen       total 219648K, used 63715K [0x00000006c0e00000, 0x00000006ce480000, 0x000000076af80000)
  object space 219648K, 29% used [0x00000006c0e00000,0x00000006c4c38fc8,0x00000006ce480000)
 Metaspace       used 76471K, capacity 81108K, committed 81280K, reserved 1120256K
  class space    used 10274K, capacity 11062K, committed 11136K, reserved 1048576K
Event: 2679.899 GC heap after
Heap after GC invocations=47 (full 3):
 PSYoungGen      total 1141760K, used 160K [0x000000076af80000, 0x00000007b8b00000, 0x00000007c0000000)
  eden space 1141248K, 0% used [0x000000076af80000,0x000000076af80000,0x00000007b0a00000)
  from space 512K, 31% used [0x00000007b8a80000,0x00000007b8aa8000,0x00000007b8b00000)
  to   space 11776K, 0% used [0x00000007b7400000,0x00000007b7400000,0x00000007b7f80000)
 ParOldGen       total 219648K, used 63723K [0x00000006c0e00000, 0x00000006ce480000, 0x000000076af80000)
  object space 219648K, 29% used [0x00000006c0e00000,0x00000006c4c3afc8,0x00000006ce480000)
 Metaspace       used 76471K, capacity 81108K, committed 81280K, reserved 1120256K
  class space    used 10274K, capacity 11062K, committed 11136K, reserved 1048576K
}
Event: 2680.160 GC heap before
{Heap before GC invocations=48 (full 3):
 PSYoungGen      total 1141760K, used 1141408K [0x000000076af80000, 0x00000007b8b00000, 0x00000007c0000000)
  eden space 1141248K, 100% used [0x000000076af80000,0x00000007b0a00000,0x00000007b0a00000)
  from space 512K, 31% used [0x00000007b8a80000,0x00000007b8aa8000,0x00000007b8b00000)
  to   space 11776K, 0% used [0x00000007b7400000,0x00000007b7400000,0x00000007b7f80000)
 ParOldGen       total 219648K, used 63723K [0x00000006c0e00000, 0x00000006ce480000, 0x000000076af80000)
  object space 219648K, 29% used [0x00000006c0e00000,0x00000006c4c3afc8,0x00000006ce480000)
 Metaspace       used 76471K, capacity 81108K, committed 81280K, reserved 1120256K
  class space    used 10274K, capacity 11062K, committed 11136K, reserved 1048576K
Event: 2680.163 GC heap after
Heap after GC invocations=48 (full 3):
 PSYoungGen      total 1222144K, used 224K [0x000000076af80000, 0x00000007b8b00000, 0x00000007c0000000)
  eden space 1210368K, 0% used [0x000000076af80000,0x000000076af80000,0x00000007b4d80000)
  from space 11776K, 1% used [0x00000007b7400000,0x00000007b7438000,0x00000007b7f80000)
  to   space 10752K, 0% used [0x00000007b8080000,0x00000007b8080000,0x00000007b8b00000)
 ParOldGen       total 219648K, used 63771K [0x00000006c0e00000, 0x00000006ce480000, 0x000000076af80000)
  object space 219648K, 29% used [0x00000006c0e00000,0x00000006c4c46fc8,0x00000006ce480000)
 Metaspace       used 76471K, capacity 81108K, committed 81280K, reserved 1120256K
  class space    used 10274K, capacity 11062K, committed 11136K, reserved 1048576K
}

Deoptimization events (10 events):
Event: 1186.858 Thread 0x000002c9d6960000 Uncommon trap: reason=bimorphic action=maybe_recompile pc=0x000002c9bc846884 method=java.util.AbstractCollection.containsAll(Ljava/util/Collection;)Z @ 1
Event: 1186.858 Thread 0x000002c9d6960000 Uncommon trap: reason=bimorphic action=maybe_recompile pc=0x000002c9bc846884 method=java.util.AbstractCollection.containsAll(Ljava/util/Collection;)Z @ 1
Event: 1186.858 Thread 0x000002c9d6960000 Uncommon trap: reason=bimorphic action=maybe_recompile pc=0x000002c9bc846884 method=java.util.AbstractCollection.containsAll(Ljava/util/Collection;)Z @ 1
Event: 1315.049 Thread 0x000002c9db025800 Uncommon trap: reason=unstable_if action=reinterpret pc=0x000002c9bb549908 method=org.springframework.util.ClassUtils.isAssignable(Ljava/lang/Class;Ljava/lang/Class;)Z @ 67
Event: 1779.399 Thread 0x000002c9db02b800 Uncommon trap: reason=unstable_if action=reinterpret pc=0x000002c9bb9bda9c method=java.util.concurrent.locks.AbstractQueuedSynchronizer$ConditionObject.addConditionWaiter()Ljava/util/concurrent/locks/AbstractQueuedSynchronizer$Node; @ 15
Event: 2670.788 Thread 0x000002c9db023800 Uncommon trap: reason=null_check action=make_not_entrant pc=0x000002c9bccdfbb4 method=com.sun.jna.Function.invoke(Ljava/lang/Class;[Ljava/lang/Object;Ljava/util/Map;)Ljava/lang/Object; @ 152
Event: 2680.289 Thread 0x000002c9db022000 Uncommon trap: reason=null_check action=make_not_entrant pc=0x000002c9bcce1cd0 method=com.sun.jna.Library$Handler.invoke(Ljava/lang/Object;Ljava/lang/reflect/Method;[Ljava/lang/Object;)Ljava/lang/Object; @ 129
Event: 2680.289 Thread 0x000002c9db022000 Uncommon trap: reason=unstable_if action=reinterpret pc=0x000002c9bcce4b64 method=com.sun.jna.Function.invoke(Ljava/lang/Class;[Ljava/lang/Object;Ljava/util/Map;)Ljava/lang/Object; @ 7
Event: 2680.289 Thread 0x000002c9db022000 Uncommon trap: reason=unstable_if action=reinterpret pc=0x000002c9bcca1ebc method=com.sun.jna.Function.invoke([Ljava/lang/Object;Ljava/lang/Class;Z)Ljava/lang/Object; @ 115
Event: 2680.293 Thread 0x000002c9db022000 Uncommon trap: reason=unstable_if action=reinterpret pc=0x000002c9bc3a4b80 method=com.sun.jna.Function.isPrimitiveArray(Ljava/lang/Class;)Z @ 4

Classes redefined (0 events):
No events

Internal exceptions (10 events):
Event: 11.886 Thread 0x000002c9d73e5000 Exception <a 'java/lang/ClassNotFoundException': org/springframework/boot/actuate/autoconfigure/metrics/jdbc/DataSourcePoolMetricsAutoConfiguration$DataSourcePoolMetadataMetricsConfigurationCustomizer> (0x0000000777e873d0) thrown at [C:\jenkins\workspace\
Event: 11.890 Thread 0x000002c9d73e5000 Exception <a 'java/lang/IncompatibleClassChangeError': Found class java.lang.Object, but interface was expected> (0x0000000777ed2dd0) thrown at [C:\jenkins\workspace\8-2-build-windows-amd64-cygwin\jdk8u271\605\hotspot\src\share\vm\interpreter\linkResolver
Event: 11.983 Thread 0x000002c9d73e5000 Exception <a 'java/lang/IncompatibleClassChangeError': Found class java.lang.Object, but interface was expected> (0x00000007786c7060) thrown at [C:\jenkins\workspace\8-2-build-windows-amd64-cygwin\jdk8u271\605\hotspot\src\share\vm\interpreter\linkResolver
Event: 12.084 Thread 0x000002c9d73e5000 Implicit null exception at 0x000002c9bb9d7541 to 0x000002c9bb9d7659
Event: 20.192 Thread 0x000002c9d966f000 Exception <a 'java/lang/NoSuchMethodError': java.lang.Object.lambda$static$0(Lorg/hibernate/type/EntityType;Ljava/lang/Object;Lorg/hibernate/engine/spi/SharedSessionContractImplementor;Ljava/lang/Object;Ljava/lang/Boolean;)Ljava/lang/Object;> (0x000000077
Event: 20.205 Thread 0x000002c9d966f000 Exception <a 'java/lang/NoSuchMethodError': java.lang.Object.lambda$builder$1(Ljava/lang/String;)Lio/micrometer/core/instrument/Timer$Builder;> (0x000000077cfba4d0) thrown at [C:\jenkins\workspace\8-2-build-windows-amd64-cygwin\jdk8u271\605\hotspot\src\sh
Event: 24.168 Thread 0x000002c9db020800 Exception <a 'java/lang/NoSuchMethodError': java.lang.Object.lambda$mapIfAllPresent$6(Ljava/util/Optional;Ljava/util/function/BiFunction;Ljava/lang/Object;)Ljava/util/Optional;> (0x000000077de5a1e0) thrown at [C:\jenkins\workspace\8-2-build-windows-amd64-
Event: 24.168 Thread 0x000002c9db020800 Exception <a 'java/lang/NoSuchMethodError': java.lang.Object.lambda$null$5(Ljava/util/function/BiFunction;Ljava/lang/Object;Ljava/lang/Object;)Ljava/lang/Object;> (0x000000077de5f068) thrown at [C:\jenkins\workspace\8-2-build-windows-amd64-cygwin\jdk8u271
Event: 655.708 Thread 0x000002c9db025800 Exception <a 'java/io/IOException'> (0x0000000785778ee0) thrown at [C:\jenkins\workspace\8-2-build-windows-amd64-cygwin\jdk8u271\605\hotspot\src\share\vm\prims\jni.cpp, line 710]
Event: 2680.289 Thread 0x000002c9db022000 Implicit null exception at 0x000002c9bcce3423 to 0x000002c9bcce4b4d

Events (10 events):
Event: 2680.289 Thread 0x000002c9db022000 Uncommon trap: trap_request=0xffffff65 fr.pc=0x000002c9bcca1ebc
Event: 2680.289 Thread 0x000002c9db022000 DEOPT PACKING pc=0x000002c9bcca1ebc sp=0x000000f1c6afadb0
Event: 2680.289 Thread 0x000002c9db022000 DEOPT UNPACKING pc=0x000002c9bb255843 sp=0x000000f1c6afad48 mode 2
Event: 2680.293 Thread 0x000002c9db022000 Uncommon trap: trap_request=0xffffff65 fr.pc=0x000002c9bc3a4b80
Event: 2680.293 Thread 0x000002c9db022000 DEOPT PACKING pc=0x000002c9bc3a4b80 sp=0x000000f1c6afada0
Event: 2680.293 Thread 0x000002c9db022000 DEOPT UNPACKING pc=0x000002c9bb255843 sp=0x000000f1c6afacc8 mode 2
Event: 2680.293 loading class com/sun/jna/Callback
Event: 2680.293 loading class com/sun/jna/Callback done
Event: 2680.293 loading class com/sun/jna/WString
Event: 2680.293 loading class com/sun/jna/WString done


Dynamic libraries:
0x00007ff6e39a0000 - 0x00007ff6e39e7000 	C:\Program Files\Java\jdk1.8.0_271\bin\java.exe
0x00007ffecb4f0000 - 0x00007ffecb6e5000 	C:\Windows\SYSTEM32\ntdll.dll
0x00007ffecab90000 - 0x00007ffecac4d000 	C:\Windows\System32\KERNEL32.DLL
0x00007ffec8f10000 - 0x00007ffec91d9000 	C:\Windows\System32\KERNELBASE.dll
0x00007ffec9a30000 - 0x00007ffec9adc000 	C:\Windows\System32\ADVAPI32.dll
0x00007ffec9af0000 - 0x00007ffec9b8e000 	C:\Windows\System32\msvcrt.dll
0x00007ffecacd0000 - 0x00007ffecad6b000 	C:\Windows\System32\sechost.dll
0x00007ffecaa60000 - 0x00007ffecab8a000 	C:\Windows\System32\RPCRT4.dll
0x00007ffecad90000 - 0x00007ffecaf30000 	C:\Windows\System32\USER32.dll
0x00007ffec9530000 - 0x00007ffec9552000 	C:\Windows\System32\win32u.dll
0x00007ffec9850000 - 0x00007ffec987a000 	C:\Windows\System32\GDI32.dll
0x00007ffec9290000 - 0x00007ffec939b000 	C:\Windows\System32\gdi32full.dll
0x00007ffec8df0000 - 0x00007ffec8e8d000 	C:\Windows\System32\msvcp_win.dll
0x00007ffec93a0000 - 0x00007ffec94a0000 	C:\Windows\System32\ucrtbase.dll
0x00007ffeba5b0000 - 0x00007ffeba84a000 	C:\Windows\WinSxS\amd64_microsoft.windows.common-controls_6595b64144ccf1df_6.0.19041.1110_none_60b5254171f9507e\COMCTL32.dll
0x00007ffec9930000 - 0x00007ffec9960000 	C:\Windows\System32\IMM32.DLL
0x00007ffec4600000 - 0x00007ffec4615000 	C:\Program Files\Java\jdk1.8.0_271\jre\bin\vcruntime140.dll
0x00007ffec39f0000 - 0x00007ffec3a8b000 	C:\Program Files\Java\jdk1.8.0_271\jre\bin\msvcp140.dll
0x000000006be50000 - 0x000000006c6bf000 	C:\Program Files\Java\jdk1.8.0_271\jre\bin\server\jvm.dll
0x00007ffecb4a0000 - 0x00007ffecb4a8000 	C:\Windows\System32\PSAPI.DLL
0x00007ffea0f70000 - 0x00007ffea0f79000 	C:\Windows\SYSTEM32\WSOCK32.dll
0x00007ffec7a70000 - 0x00007ffec7a7a000 	C:\Windows\SYSTEM32\VERSION.dll
0x00007ffebaf00000 - 0x00007ffebaf27000 	C:\Windows\SYSTEM32\WINMM.dll
0x00007ffecb430000 - 0x00007ffecb49b000 	C:\Windows\System32\WS2_32.dll
0x00007ffec7a30000 - 0x00007ffec7a42000 	C:\Windows\SYSTEM32\kernel.appcore.dll
0x00007ffec5490000 - 0x00007ffec54a0000 	C:\Program Files\Java\jdk1.8.0_271\jre\bin\verify.dll
0x00007ffec39c0000 - 0x00007ffec39eb000 	C:\Program Files\Java\jdk1.8.0_271\jre\bin\java.dll
0x00007ffec3970000 - 0x00007ffec39a0000 	C:\Program Files\Java\jdk1.8.0_271\jre\bin\instrument.dll
0x00007ffec44c0000 - 0x00007ffec44d8000 	C:\Program Files\Java\jdk1.8.0_271\jre\bin\zip.dll
0x00007ffeca060000 - 0x00007ffeca79f000 	C:\Windows\System32\SHELL32.dll
0x00007ffec7290000 - 0x00007ffec7a21000 	C:\Windows\SYSTEM32\windows.storage.dll
0x00007ffecb020000 - 0x00007ffecb375000 	C:\Windows\System32\combase.dll
0x00007ffec86a0000 - 0x00007ffec86cc000 	C:\Windows\SYSTEM32\Wldp.dll
0x00007ffec9880000 - 0x00007ffec992e000 	C:\Windows\System32\SHCORE.dll
0x00007ffecaf30000 - 0x00007ffecaf85000 	C:\Windows\System32\shlwapi.dll
0x00007ffec8b70000 - 0x00007ffec8b8f000 	C:\Windows\SYSTEM32\profapi.dll
0x00007ffec4490000 - 0x00007ffec44aa000 	D:\Program Files\JetBrains\IntelliJ IDEA Community Edition 2021.1\bin\breakgen64.dll
0x00007ffec3950000 - 0x00007ffec396c000 	C:\Program Files\Java\jdk1.8.0_271\jre\bin\net.dll
0x00007ffec83b0000 - 0x00007ffec841a000 	C:\Windows\system32\mswsock.dll
0x00007ffec45f0000 - 0x00007ffec45fd000 	C:\Program Files\Java\jdk1.8.0_271\jre\bin\management.dll
0x00007ffeb0670000 - 0x00007ffeb0687000 	C:\Windows\system32\napinsp.dll
0x00007ffeb0650000 - 0x00007ffeb066b000 	C:\Windows\system32\pnrpnsp.dll
0x00007ffec4890000 - 0x00007ffec48a5000 	C:\Windows\system32\wshbth.dll
0x00007ffec3910000 - 0x00007ffec392d000 	C:\Windows\system32\NLAapi.dll
0x00007ffec8070000 - 0x00007ffec80ab000 	C:\Windows\SYSTEM32\IPHLPAPI.DLL
0x00007ffec80c0000 - 0x00007ffec818c000 	C:\Windows\SYSTEM32\DNSAPI.dll
0x00007ffec9ae0000 - 0x00007ffec9ae8000 	C:\Windows\System32\NSI.dll
0x00007ffeb0700000 - 0x00007ffeb0712000 	C:\Windows\System32\winrnr.dll
0x00007ffebe3b0000 - 0x00007ffebe3ba000 	C:\Windows\System32\rasadhlp.dll
0x00007ffebda70000 - 0x00007ffebdaef000 	C:\Windows\System32\fwpuclnt.dll
0x00007ffec8e90000 - 0x00007ffec8eb7000 	C:\Windows\System32\bcrypt.dll
0x00007ffec32b0000 - 0x00007ffec32c3000 	C:\Program Files\Java\jdk1.8.0_271\jre\bin\nio.dll
0x00007ffec85d0000 - 0x00007ffec85e8000 	C:\Windows\SYSTEM32\CRYPTSP.dll
0x00007ffec7cf0000 - 0x00007ffec7d24000 	C:\Windows\system32\rsaenh.dll
0x00007ffec8b30000 - 0x00007ffec8b5e000 	C:\Windows\SYSTEM32\USERENV.dll
0x00007ffec94a0000 - 0x00007ffec9523000 	C:\Windows\System32\bcryptprimitives.dll
0x00007ffec85c0000 - 0x00007ffec85cc000 	C:\Windows\SYSTEM32\CRYPTBASE.dll
0x00007ffec38f0000 - 0x00007ffec3907000 	C:\Windows\SYSTEM32\dhcpcsvc6.DLL
0x00007ffec38d0000 - 0x00007ffec38ed000 	C:\Windows\SYSTEM32\dhcpcsvc.DLL
0x00007ffec1f70000 - 0x00007ffec1f94000 	C:\Program Files\Java\jdk1.8.0_271\jre\bin\sunec.dll
0x00007ffec3fa0000 - 0x00007ffec3fad000 	C:\Program Files\Java\jdk1.8.0_271\jre\bin\sunmscapi.dll
0x00007ffec8c30000 - 0x00007ffec8d8f000 	C:\Windows\System32\CRYPT32.dll
0x00007ffec8710000 - 0x00007ffec8737000 	C:\Windows\SYSTEM32\ncrypt.dll
0x00007ffec86d0000 - 0x00007ffec870b000 	C:\Windows\SYSTEM32\NTASN1.dll
0x0000000180000000 - 0x0000000180032000 	C:\Users\tanwe\AppData\Local\Temp\jna954904280549069042.tmp
0x000002c9ddb10000 - 0x000002c9ddb50000 	C:\Users\tanwe\IdeaProjects\AirSide_Backend\CFHidApi.dll
0x00007ffec9b90000 - 0x00007ffec9ff9000 	C:\Windows\System32\SETUPAPI.dll
0x00007ffec8ec0000 - 0x00007ffec8f0e000 	C:\Windows\System32\cfgmgr32.dll
0x00007ffec6b40000 - 0x00007ffec6b4d000 	C:\Windows\SYSTEM32\HID.DLL
0x00007ffec89e0000 - 0x00007ffec8a0c000 	C:\Windows\System32\DEVOBJ.dll
0x00007ffec8d90000 - 0x00007ffec8df0000 	C:\Windows\System32\WINTRUST.dll
0x00007ffec8820000 - 0x00007ffec8832000 	C:\Windows\System32\MSASN1.dll
0x00007ffec6020000 - 0x00007ffec6204000 	C:\Windows\SYSTEM32\dbghelp.dll

VM Arguments:
jvm_args: -javaagent:D:\Program Files\JetBrains\IntelliJ IDEA Community Edition 2021.1\lib\idea_rt.jar=60316:D:\Program Files\JetBrains\IntelliJ IDEA Community Edition 2021.1\bin -Dfile.encoding=UTF-8 
java_command: com.AirsideApplication
java_class_path (initial): C:\Program Files\Java\jdk1.8.0_271\jre\lib\charsets.jar;C:\Program Files\Java\jdk1.8.0_271\jre\lib\deploy.jar;C:\Program Files\Java\jdk1.8.0_271\jre\lib\ext\access-bridge-64.jar;C:\Program Files\Java\jdk1.8.0_271\jre\lib\ext\cldrdata.jar;C:\Program Files\Java\jdk1.8.0_271\jre\lib\ext\dnsns.jar;C:\Program Files\Java\jdk1.8.0_271\jre\lib\ext\jaccess.jar;C:\Program Files\Java\jdk1.8.0_271\jre\lib\ext\jfxrt.jar;C:\Program Files\Java\jdk1.8.0_271\jre\lib\ext\localedata.jar;C:\Program Files\Java\jdk1.8.0_271\jre\lib\ext\nashorn.jar;C:\Program Files\Java\jdk1.8.0_271\jre\lib\ext\sunec.jar;C:\Program Files\Java\jdk1.8.0_271\jre\lib\ext\sunjce_provider.jar;C:\Program Files\Java\jdk1.8.0_271\jre\lib\ext\sunmscapi.jar;C:\Program Files\Java\jdk1.8.0_271\jre\lib\ext\sunpkcs11.jar;C:\Program Files\Java\jdk1.8.0_271\jre\lib\ext\zipfs.jar;C:\Program Files\Java\jdk1.8.0_271\jre\lib\javaws.jar;C:\Program Files\Java\jdk1.8.0_271\jre\lib\jce.jar;C:\Program Files\Java\jdk1.8.0_271\jre\lib\jfr.jar;C:\Program Files\Java\jdk1.8.0_271\jre\lib\jfxswt.jar;C:\Program Files\Java\jdk1.8.0_271\jre\lib\jsse.jar;C:\Program Files\Java\jdk1.8.0_271\jre\lib\management-agent.jar;C:\Program Files\Java\jdk1.8.0_271\jre\lib\plugin.jar;C:\Program Files\Java\jdk1.8.0_271\jre\lib\resources.jar;C:\Program Files\Java\jdk1.8.0_271\jre\lib\rt.jar;C:\Users\tanwe\IdeaProjects\AirSide_Backend\target\classes;C:\Users\tanwe\.m2\repository\org\springframework\boot\spring-boot-starter-actuator\2.5.3\spring-boot-starter-actuator-2.5.3.jar;C:\Users\tanwe\.m2\repository\org\springframework\boot\spring-boot-starter\2.5.3\spring-boot-starter-2.5.3.jar;C:\Users\tanwe\.m2\repository\org\springframework\boot\spring-boot-starter-logging\2.5.3\spring-boot-starter-logging-2.5.3.jar;C:\Users\tanwe\.m2\repository\ch\qos\logback\logback-classic\1.2.4\logback-classic-1.2.4.jar;C:\Users\tanwe\.m2\repository\ch\qos\logback\logback-core\1.2.4\logback-core-1.2.4.jar;C:\Users\tanwe\.m2\repository\org\apache\lo
Launcher Type: SUN_STANDARD

Environment Variables:
JAVA_HOME=C:\Program Files\RedHat\java-1.8.0-openjdk-1.8.0.292-2
PATH=C:\Program Files\Common Files\Oracle\Java\javapath;C:\Program Files (x86)\Common Files\Oracle\Java\javapath;C:\Windows\system32;C:\Windows;C:\Windows\System32\Wbem;C:\Windows\System32\WindowsPowerShell\v1.0\;C:\Windows\System32\OpenSSH\;C:\Program Files (x86)\sbt\bin;C:\Program Files (x86)\scala\bin;C:\Program Files (x86)\nodejs\;D:\Program Files\apache-cassandra-3.11.10\bin;D:\Program Files\Python27;C:\Program Files\RedHat\java-1.8.0-openjdk-1.8.0.292-2\bin;C:\Program Files\RedHat\java-1.8.0-openjdk-1.8.0.292-2\jre\bin;D:\Program Files\apache-cassandra-3.11.10\bin;C:\Program Files\Docker\Docker\resources\bin;C:\ProgramData\DockerDesktop\version-bin;C:\Program Files\dotnet\;C:\Program Files\Git\cmd;C:\Program Files\MySQL\MySQL Shell 8.0\bin\;C:\Users\tanwe\AppData\Local\Microsoft\WindowsApps;C:\Users\tanwe\AppData\Roaming\npm;C:\Users\tanwe\AppData\Local\Programs\Microsoft VS Code\bin;C:\Users\tanwe\AppData\Local\Google\Cloud SDK\google-cloud-sdk\bin
USERNAME=tanwe
OS=Windows_NT
PROCESSOR_IDENTIFIER=Intel64 Family 6 Model 60 Stepping 3, GenuineIntel



---------------  S Y S T E M  ---------------

OS: Windows 10.0 , 64 bit Build 19041 (10.0.19041.1023)

CPU:total 8 (initial active 8) (4 cores per cpu, 2 threads per core) family 6 model 60 stepping 3, cmov, cx8, fxsr, mmx, sse, sse2, sse3, ssse3, sse4.1, sse4.2, popcnt, avx, avx2, aes, clmul, erms, lzcnt, ht, tsc, tscinvbit, bmi1, bmi2

Memory: 4k page, physical 16714524k(4919140k free), swap 21835788k(3461432k free)

vm_info: Java HotSpot(TM) 64-Bit Server VM (25.271-b09) for windows-amd64 JRE (1.8.0_271-b09), built on Sep 16 2020 19:14:59 by "" with MS VC++ 15.9 (VS2017)

time: Mon Aug  9 00:44:11 2021
timezone: Malay Peninsula Standard Time
elapsed time: 2680.324412 seconds (0d 0h 44m 40s)

